app/build/outputs/logs/manifest-merger-debug-report.txt
-- Merging decision tree log ---
manifest
ADDED from src\main\AndroidManifest.xml:19:1-78:12
	package
		ADDED from src\main\AndroidManifest.xml:21:11-51
		INJECTED from src\main\AndroidManifest.xml
		INJECTED from src\main\AndroidManifest.xml
	android:versionName
		ADDED from src\main\AndroidManifest.xml:23:11-38
	xmlns:tools
		ADDED from src\main\AndroidManifest.xml:20:11-57
	android:versionCode
		ADDED from src\main\AndroidManifest.xml:22:11-34
		INJECTED from src\main\AndroidManifest.xml
		INJECTED from src\main\AndroidManifest.xml
	xmlns:android
		ADDED from src\main\AndroidManifest.xml:19:11-69
uses-sdk
ADDED from src\main\AndroidManifest.xml:24:5-73
MERGED from [com.google.android.gms:play-services:6.5.87] AndroidManifest.xml:18:5-42
MERGED from [com.android.support:support-v4:22.0.0] AndroidManifest.xml:20:5-43
MERGED from [com.android.support:appcompat-v7:22.0.0] AndroidManifest.xml:20:5-43
MERGED from [com.android.support:support-v4:22.0.0] AndroidManifest.xml:20:5-43
MERGED from [com.android.support:appcompat-v7:22.0.0] AndroidManifest.xml:20:5-43
MERGED from [com.android.support:support-v4:22.0.0] AndroidManifest.xml:20:5-43
MERGED from [:speech-android-wrapper:] AndroidManifest.xml:7:5-9:41
	android:targetSdkVersion
		ADDED from src\main\AndroidManifest.xml:24:42-71
		INJECTED from src\main\AndroidManifest.xml
		INJECTED from src\main\AndroidManifest.xml
	android:minSdkVersion
		ADDED from src\main\AndroidManifest.xml:24:15-41
		INJECTED from src\main\AndroidManifest.xml
		INJECTED from src\main\AndroidManifest.xml
uses-permission#android.permission.INTERNET
ADDED from src\main\AndroidManifest.xml:25:5-67
	android:name
		ADDED from src\main\AndroidManifest.xml:25:22-64
uses-permission#android.permission.ACCESS_NETWORK_STATE
ADDED from src\main\AndroidManifest.xml:26:5-79
	android:name
		ADDED from src\main\AndroidManifest.xml:26:22-76
uses-permission#android.permission.WRITE_EXTERNAL_STORAGE
ADDED from src\main\AndroidManifest.xml:27:5-81
	android:name
		ADDED from src\main\AndroidManifest.xml:27:22-78
uses-permission#android.permission.ACCESS_WIFI_STATE
ADDED from src\main\AndroidManifest.xml:28:5-76
	android:name
		ADDED from src\main\AndroidManifest.xml:28:22-73
uses-permission#android.permission.WAKE_LOCK
ADDED from src\main\AndroidManifest.xml:29:5-68
	android:name
		ADDED from src\main\AndroidManifest.xml:29:22-65
uses-permission#android.permission.FLASHLIGHT
ADDED from src\main\AndroidManifest.xml:30:5-69
	android:name
		ADDED from src\main\AndroidManifest.xml:30:22-66
uses-permission#android.permission.CAMERA
ADDED from src\main\AndroidManifest.xml:31:5-65
	android:name
		ADDED from src\main\AndroidManifest.xml:31:22-62
uses-permission#android.permission.ACCESS_COARSE_LOCATION
ADDED from src\main\AndroidManifest.xml:32:5-81
	android:name
		ADDED from src\main\AndroidManifest.xml:32:22-78
uses-permission#android.permission.ACCESS_FINE_LOCATION
ADDED from src\main\AndroidManifest.xml:33:5-79
	android:name
		ADDED from src\main\AndroidManifest.xml:33:22-76
uses-permission#android.permission.RECORD_AUDIO
ADDED from src\main\AndroidManifest.xml:34:5-71
	android:name
		ADDED from src\main\AndroidManifest.xml:34:22-68
application
ADDED from src\main\AndroidManifest.xml:37:5-77:19
MERGED from [com.google.android.gms:play-services:6.5.87] AndroidManifest.xml:20:5-24:19
MERGED from [com.android.support:support-v4:22.0.0] AndroidManifest.xml:22:5-20
MERGED from [com.android.support:appcompat-v7:22.0.0] AndroidManifest.xml:22:5-20
MERGED from [com.android.support:support-v4:22.0.0] AndroidManifest.xml:22:5-20
MERGED from [com.android.support:appcompat-v7:22.0.0] AndroidManifest.xml:22:5-20
MERGED from [com.android.support:support-v4:22.0.0] AndroidManifest.xml:22:5-20
MERGED from [:speech-android-wrapper:] AndroidManifest.xml:11:5-17:19
	android:label
		ADDED from src\main\AndroidManifest.xml:38:13-45
	android:icon
		ADDED from src\main\AndroidManifest.xml:39:13-45
		REJECTED from [:speech-android-wrapper:] AndroidManifest.xml:14:9-43
	android:allowBackup
		ADDED from [:speech-android-wrapper:] AndroidManifest.xml:13:9-35
	android:theme
		ADDED from src\main\AndroidManifest.xml:42:13-51
		REJECTED from [:speech-android-wrapper:] AndroidManifest.xml:16:9-40
	android:logo
		ADDED from src\main\AndroidManifest.xml:40:13-45
	tools:replace
		ADDED from src\main\AndroidManifest.xml:43:13-68
	android:name
		ADDED from src\main\AndroidManifest.xml:41:13-80
		REJECTED from [:speech-android-wrapper:] AndroidManifest.xml:12:9-90
activity#com.ibm.iot.android.iotstarter.activities.TutorialPagerActivity
ADDED from src\main\AndroidManifest.xml:45:9-48:20
	android:launchMode
		ADDED from src\main\AndroidManifest.xml:47:17-46
	android:name
		ADDED from src\main\AndroidManifest.xml:46:17-65
activity#com.ibm.iot.android.iotstarter.activities.MainPagerActivity
ADDED from src\main\AndroidManifest.xml:50:9-58:20
	android:screenOrientation
		ADDED from src\main\AndroidManifest.xml:53:17-53
	android:launchMode
		ADDED from src\main\AndroidManifest.xml:52:17-48
	android:name
		ADDED from src\main\AndroidManifest.xml:51:17-61
intent-filter#android.intent.action.MAIN+android.intent.category.LAUNCHER
ADDED from src\main\AndroidManifest.xml:54:13-57:29
action#android.intent.action.MAIN
ADDED from src\main\AndroidManifest.xml:55:17-68
	android:name
		ADDED from src\main\AndroidManifest.xml:55:25-66
category#android.intent.category.LAUNCHER
ADDED from src\main\AndroidManifest.xml:56:17-76
	android:name
		ADDED from src\main\AndroidManifest.xml:56:27-74
activity#com.ibm.iot.android.iotstarter.activities.ProfilesActivity
ADDED from src\main\AndroidManifest.xml:60:9-63:20
	android:launchMode
		ADDED from src\main\AndroidManifest.xml:62:17-46
	android:name
		ADDED from src\main\AndroidManifest.xml:61:17-90
activity#com.ibm.iot.android.iotstarter.activities.WebActivity
ADDED from src\main\AndroidManifest.xml:65:9-69:20
	android:launchMode
		ADDED from src\main\AndroidManifest.xml:67:17-46
	android:configChanges
		ADDED from src\main\AndroidManifest.xml:68:17-63
	android:name
		ADDED from src\main\AndroidManifest.xml:66:17-85
meta-data#com.google.android.gms.version
ADDED from src\main\AndroidManifest.xml:71:9-73:73
MERGED from [com.google.android.gms:play-services:6.5.87] AndroidManifest.xml:21:9-23:69
	android:value
		ADDED from src\main\AndroidManifest.xml:73:17-70
	android:name
		ADDED from src\main\AndroidManifest.xml:72:17-62
service#org.eclipse.paho.android.service.MqttService
ADDED from src\main\AndroidManifest.xml:76:9-80
	android:name
		ADDED from src\main\AndroidManifest.xml:76:18-77